<?xml version="1.0" encoding="UTF-8"?>
<coverage generated="1648395376777" clover="3.2.0">
  <project timestamp="1648395376777" name="All files">
    <metrics statements="100" coveredstatements="98" conditionals="61" coveredconditionals="57" methods="17" coveredmethods="17" elements="178" coveredelements="172" complexity="0" loc="100" ncloc="100" packages="2" files="5" classes="5"/>
    <package name="src">
      <metrics statements="36" coveredstatements="35" conditionals="25" coveredconditionals="23" methods="5" coveredmethods="5"/>
      <file name="fileDiff.js" path="/Users/demydkourij/Projects/frontend-project-lvl2/src/fileDiff.js">
        <metrics statements="30" coveredstatements="29" conditionals="21" coveredconditionals="19" methods="4" coveredmethods="4"/>
        <line num="7" count="1" type="stmt"/>
        <line num="8" count="35" type="stmt"/>
        <line num="9" count="35" type="stmt"/>
        <line num="10" count="35" type="stmt"/>
        <line num="12" count="35" type="stmt"/>
        <line num="13" count="126" type="cond" truecount="2" falsecount="0"/>
        <line num="14" count="126" type="cond" truecount="2" falsecount="0"/>
        <line num="15" count="49" type="cond" truecount="2" falsecount="0"/>
        <line num="16" count="49" type="stmt"/>
        <line num="26" count="77" type="cond" truecount="2" falsecount="0"/>
        <line num="27" count="77" type="cond" truecount="1" falsecount="1"/>
        <line num="28" count="77" type="cond" truecount="2" falsecount="0"/>
        <line num="29" count="49" type="stmt"/>
        <line num="34" count="28" type="cond" truecount="3" falsecount="1"/>
        <line num="35" count="28" type="stmt"/>
        <line num="44" count="0" type="stmt"/>
        <line num="74" count="35" type="stmt"/>
        <line num="77" count="1" type="stmt"/>
        <line num="78" count="16" type="stmt"/>
        <line num="79" count="16" type="stmt"/>
        <line num="80" count="16" type="stmt"/>
        <line num="83" count="1" type="cond" truecount="1" falsecount="0"/>
        <line num="84" count="8" type="stmt"/>
        <line num="85" count="8" type="stmt"/>
        <line num="87" count="8" type="stmt"/>
        <line num="88" count="8" type="stmt"/>
        <line num="89" count="8" type="cond" truecount="4" falsecount="0"/>
        <line num="90" count="7" type="stmt"/>
        <line num="91" count="7" type="stmt"/>
        <line num="92" count="6" type="stmt"/>
      </file>
      <file name="parsers.js" path="/Users/demydkourij/Projects/frontend-project-lvl2/src/parsers.js">
        <metrics statements="6" coveredstatements="6" conditionals="4" coveredconditionals="4" methods="1" coveredmethods="1"/>
        <line num="4" count="1" type="stmt"/>
        <line num="5" count="16" type="stmt"/>
        <line num="6" count="16" type="cond" truecount="4" falsecount="0"/>
        <line num="8" count="8" type="stmt"/>
        <line num="11" count="6" type="stmt"/>
        <line num="13" count="2" type="stmt"/>
      </file>
    </package>
    <package name="src.formatters">
      <metrics statements="64" coveredstatements="63" conditionals="36" coveredconditionals="34" methods="12" coveredmethods="12"/>
      <file name="index.js" path="/Users/demydkourij/Projects/frontend-project-lvl2/src/formatters/index.js">
        <metrics statements="6" coveredstatements="6" conditionals="4" coveredconditionals="4" methods="1" coveredmethods="1"/>
        <line num="4" count="1" type="stmt"/>
        <line num="5" count="7" type="cond" truecount="4" falsecount="0"/>
        <line num="7" count="2" type="stmt"/>
        <line num="9" count="2" type="stmt"/>
        <line num="11" count="2" type="stmt"/>
        <line num="13" count="1" type="stmt"/>
      </file>
      <file name="plain.js" path="/Users/demydkourij/Projects/frontend-project-lvl2/src/formatters/plain.js">
        <metrics statements="26" coveredstatements="25" conditionals="16" coveredconditionals="15" methods="5" coveredmethods="5"/>
        <line num="3" count="1" type="stmt"/>
        <line num="4" count="26" type="cond" truecount="3" falsecount="1"/>
        <line num="6" count="8" type="cond" truecount="2" falsecount="0"/>
        <line num="7" count="6" type="stmt"/>
        <line num="9" count="4" type="stmt"/>
        <line num="11" count="0" type="stmt"/>
        <line num="13" count="14" type="stmt"/>
        <line num="17" count="1" type="stmt"/>
        <line num="18" count="2" type="stmt"/>
        <line num="19" count="10" type="stmt"/>
        <line num="20" count="10" type="stmt"/>
        <line num="21" count="36" type="cond" truecount="2" falsecount="0"/>
        <line num="22" count="28" type="cond" truecount="2" falsecount="0"/>
        <line num="23" count="14" type="cond" truecount="2" falsecount="0"/>
        <line num="24" count="10" type="stmt"/>
        <line num="25" count="10" type="stmt"/>
        <line num="27" count="4" type="stmt"/>
        <line num="30" count="22" type="cond" truecount="2" falsecount="0"/>
        <line num="31" count="14" type="stmt"/>
        <line num="32" count="14" type="stmt"/>
        <line num="33" count="14" type="cond" truecount="2" falsecount="0"/>
        <line num="34" count="8" type="stmt"/>
        <line num="38" count="6" type="stmt"/>
        <line num="40" count="8" type="stmt"/>
        <line num="42" count="36" type="stmt"/>
        <line num="44" count="2" type="stmt"/>
      </file>
      <file name="stylish.js" path="/Users/demydkourij/Projects/frontend-project-lvl2/src/formatters/stylish.js">
        <metrics statements="32" coveredstatements="32" conditionals="16" coveredconditionals="15" methods="6" coveredmethods="6"/>
        <line num="3" count="1" type="cond" truecount="2" falsecount="0"/>
        <line num="4" count="36" type="stmt"/>
        <line num="5" count="54" type="cond" truecount="2" falsecount="0"/>
        <line num="6" count="40" type="stmt"/>
        <line num="8" count="14" type="stmt"/>
        <line num="9" count="14" type="stmt"/>
        <line num="10" count="14" type="stmt"/>
        <line num="11" count="14" type="stmt"/>
        <line num="12" count="18" type="stmt"/>
        <line num="14" count="14" type="stmt"/>
        <line num="17" count="36" type="stmt"/>
        <line num="20" count="1" type="cond" truecount="2" falsecount="0"/>
        <line num="21" count="2" type="stmt"/>
        <line num="22" count="2" type="stmt"/>
        <line num="23" count="10" type="stmt"/>
        <line num="24" count="10" type="stmt"/>
        <line num="25" count="10" type="stmt"/>
        <line num="26" count="10" type="stmt"/>
        <line num="27" count="10" type="stmt"/>
        <line num="28" count="36" type="cond" truecount="2" falsecount="0"/>
        <line num="29" count="28" type="cond" truecount="2" falsecount="0"/>
        <line num="30" count="14" type="cond" truecount="2" falsecount="0"/>
        <line num="31" count="14" type="stmt"/>
        <line num="33" count="14" type="cond" truecount="1" falsecount="1"/>
        <line num="34" count="14" type="stmt"/>
        <line num="35" count="14" type="stmt"/>
        <line num="36" count="14" type="cond" truecount="2" falsecount="0"/>
        <line num="37" count="6" type="stmt"/>
        <line num="39" count="8" type="stmt"/>
        <line num="45" count="8" type="stmt"/>
        <line num="50" count="10" type="stmt"/>
        <line num="52" count="2" type="stmt"/>
      </file>
    </package>
  </project>
</coverage>
