{"/Users/demydkourij/Projects/frontend-project-lvl2/src/fileDiff.js": {"path":"/Users/demydkourij/Projects/frontend-project-lvl2/src/fileDiff.js","statementMap":{"0":{"start":{"line":5,"column":14},"end":{"line":8,"column":1}},"1":{"start":{"line":6,"column":20},"end":{"line":6,"column":42}},"2":{"start":{"line":7,"column":2},"end":{"line":7,"column":53}},"3":{"start":{"line":7,"column":29},"end":{"line":7,"column":53}},"4":{"start":{"line":10,"column":17},"end":{"line":40,"column":1}},"5":{"start":{"line":11,"column":16},"end":{"line":11,"column":68}},"6":{"start":{"line":12,"column":16},"end":{"line":12,"column":68}},"7":{"start":{"line":13,"column":22},"end":{"line":13,"column":45}},"8":{"start":{"line":14,"column":22},"end":{"line":14,"column":45}},"9":{"start":{"line":16,"column":22},"end":{"line":16,"column":46}},"10":{"start":{"line":17,"column":22},"end":{"line":17,"column":46}},"11":{"start":{"line":19,"column":24},"end":{"line":19,"column":67}},"12":{"start":{"line":20,"column":2},"end":{"line":20,"column":46}},"13":{"start":{"line":20,"column":34},"end":{"line":20,"column":46}},"14":{"start":{"line":21,"column":22},"end":{"line":35,"column":8}},"15":{"start":{"line":22,"column":4},"end":{"line":33,"column":5}},"16":{"start":{"line":23,"column":6},"end":{"line":28,"column":7}},"17":{"start":{"line":24,"column":8},"end":{"line":24,"column":52}},"18":{"start":{"line":26,"column":8},"end":{"line":26,"column":52}},"19":{"start":{"line":27,"column":8},"end":{"line":27,"column":52}},"20":{"start":{"line":29,"column":11},"end":{"line":33,"column":5}},"21":{"start":{"line":30,"column":6},"end":{"line":30,"column":50}},"22":{"start":{"line":32,"column":6},"end":{"line":32,"column":50}},"23":{"start":{"line":34,"column":4},"end":{"line":34,"column":15}},"24":{"start":{"line":37,"column":17},"end":{"line":37,"column":68}},"25":{"start":{"line":38,"column":2},"end":{"line":38,"column":22}},"26":{"start":{"line":39,"column":2},"end":{"line":39,"column":16}}},"fnMap":{"0":{"name":"(anonymous_0)","decl":{"start":{"line":5,"column":14},"end":{"line":5,"column":15}},"loc":{"start":{"line":5,"column":34},"end":{"line":8,"column":1}},"line":5},"1":{"name":"(anonymous_1)","decl":{"start":{"line":10,"column":17},"end":{"line":10,"column":18}},"loc":{"start":{"line":10,"column":43},"end":{"line":40,"column":1}},"line":10},"2":{"name":"(anonymous_2)","decl":{"start":{"line":21,"column":43},"end":{"line":21,"column":44}},"loc":{"start":{"line":21,"column":57},"end":{"line":35,"column":3}},"line":21}},"branchMap":{"0":{"loc":{"start":{"line":7,"column":2},"end":{"line":7,"column":53}},"type":"if","locations":[{"start":{"line":7,"column":2},"end":{"line":7,"column":53}},{"start":{},"end":{}}],"line":7},"1":{"loc":{"start":{"line":20,"column":2},"end":{"line":20,"column":46}},"type":"if","locations":[{"start":{"line":20,"column":2},"end":{"line":20,"column":46}},{"start":{},"end":{}}],"line":20},"2":{"loc":{"start":{"line":22,"column":4},"end":{"line":33,"column":5}},"type":"if","locations":[{"start":{"line":22,"column":4},"end":{"line":33,"column":5}},{"start":{"line":29,"column":11},"end":{"line":33,"column":5}}],"line":22},"3":{"loc":{"start":{"line":22,"column":8},"end":{"line":22,"column":74}},"type":"binary-expr","locations":[{"start":{"line":22,"column":8},"end":{"line":22,"column":39}},{"start":{"line":22,"column":43},"end":{"line":22,"column":74}}],"line":22},"4":{"loc":{"start":{"line":23,"column":6},"end":{"line":28,"column":7}},"type":"if","locations":[{"start":{"line":23,"column":6},"end":{"line":28,"column":7}},{"start":{"line":25,"column":13},"end":{"line":28,"column":7}}],"line":23},"5":{"loc":{"start":{"line":29,"column":11},"end":{"line":33,"column":5}},"type":"if","locations":[{"start":{"line":29,"column":11},"end":{"line":33,"column":5}},{"start":{"line":31,"column":11},"end":{"line":33,"column":5}}],"line":29}},"s":{"0":1,"1":4,"2":4,"3":4,"4":1,"5":2,"6":2,"7":2,"8":2,"9":2,"10":2,"11":2,"12":2,"13":1,"14":1,"15":5,"16":2,"17":1,"18":1,"19":1,"20":3,"21":2,"22":1,"23":5,"24":1,"25":1,"26":1},"f":{"0":4,"1":2,"2":5},"b":{"0":[4,0],"1":[1,1],"2":[2,3],"3":[5,4],"4":[1,1],"5":[2,1]},"_coverageSchema":"1a1c01bbd47fc00a2c39e90264f33305004495a9","hash":"835f3ab1bf173d6cf4137cb5ec930b53f2bfaeb9"}
}
