{"/Users/demydkourij/Projects/frontend-project-lvl2/src/fileDiff.js": {"path":"/Users/demydkourij/Projects/frontend-project-lvl2/src/fileDiff.js","statementMap":{"0":{"start":{"line":7,"column":32},"end":{"line":37,"column":1}},"1":{"start":{"line":8,"column":22},"end":{"line":8,"column":42}},"2":{"start":{"line":9,"column":22},"end":{"line":9,"column":42}},"3":{"start":{"line":10,"column":24},"end":{"line":10,"column":67}},"4":{"start":{"line":11,"column":22},"end":{"line":35,"column":8}},"5":{"start":{"line":12,"column":34},"end":{"line":12,"column":76}},"6":{"start":{"line":13,"column":4},"end":{"line":33,"column":5}},"7":{"start":{"line":14,"column":29},"end":{"line":14,"column":88}},"8":{"start":{"line":15,"column":6},"end":{"line":20,"column":8}},"9":{"start":{"line":22,"column":34},"end":{"line":22,"column":86}},"10":{"start":{"line":23,"column":33},"end":{"line":23,"column":91}},"11":{"start":{"line":24,"column":6},"end":{"line":32,"column":7}},"12":{"start":{"line":25,"column":8},"end":{"line":25,"column":84}},"13":{"start":{"line":26,"column":13},"end":{"line":32,"column":7}},"14":{"start":{"line":27,"column":8},"end":{"line":31,"column":10}},"15":{"start":{"line":34,"column":4},"end":{"line":34,"column":15}},"16":{"start":{"line":36,"column":2},"end":{"line":36,"column":21}},"17":{"start":{"line":39,"column":24},"end":{"line":49,"column":1}},"18":{"start":{"line":40,"column":16},"end":{"line":40,"column":68}},"19":{"start":{"line":41,"column":16},"end":{"line":41,"column":68}},"20":{"start":{"line":43,"column":22},"end":{"line":43,"column":45}},"21":{"start":{"line":44,"column":22},"end":{"line":44,"column":45}},"22":{"start":{"line":45,"column":2},"end":{"line":45,"column":95}},"23":{"start":{"line":45,"column":52},"end":{"line":45,"column":95}},"24":{"start":{"line":46,"column":22},"end":{"line":46,"column":71}},"25":{"start":{"line":47,"column":17},"end":{"line":47,"column":46}},"26":{"start":{"line":48,"column":2},"end":{"line":48,"column":16}}},"fnMap":{"0":{"name":"(anonymous_0)","decl":{"start":{"line":7,"column":32},"end":{"line":7,"column":33}},"loc":{"start":{"line":7,"column":54},"end":{"line":37,"column":1}},"line":7},"1":{"name":"(anonymous_1)","decl":{"start":{"line":11,"column":43},"end":{"line":11,"column":44}},"loc":{"start":{"line":11,"column":57},"end":{"line":35,"column":3}},"line":11},"2":{"name":"(anonymous_2)","decl":{"start":{"line":39,"column":24},"end":{"line":39,"column":25}},"loc":{"start":{"line":39,"column":58},"end":{"line":49,"column":1}},"line":39}},"branchMap":{"0":{"loc":{"start":{"line":12,"column":34},"end":{"line":12,"column":76}},"type":"binary-expr","locations":[{"start":{"line":12,"column":34},"end":{"line":12,"column":53}},{"start":{"line":12,"column":57},"end":{"line":12,"column":76}}],"line":12},"1":{"loc":{"start":{"line":13,"column":4},"end":{"line":33,"column":5}},"type":"if","locations":[{"start":{"line":13,"column":4},"end":{"line":33,"column":5}},{"start":{"line":21,"column":11},"end":{"line":33,"column":5}}],"line":13},"2":{"loc":{"start":{"line":14,"column":29},"end":{"line":14,"column":88}},"type":"cond-expr","locations":[{"start":{"line":14,"column":51},"end":{"line":14,"column":68}},{"start":{"line":14,"column":71},"end":{"line":14,"column":88}}],"line":14},"3":{"loc":{"start":{"line":22,"column":34},"end":{"line":22,"column":86}},"type":"binary-expr","locations":[{"start":{"line":22,"column":34},"end":{"line":22,"column":58}},{"start":{"line":22,"column":62},"end":{"line":22,"column":86}}],"line":22},"4":{"loc":{"start":{"line":23,"column":33},"end":{"line":23,"column":91}},"type":"binary-expr","locations":[{"start":{"line":23,"column":33},"end":{"line":23,"column":60}},{"start":{"line":23,"column":64},"end":{"line":23,"column":91}}],"line":23},"5":{"loc":{"start":{"line":24,"column":6},"end":{"line":32,"column":7}},"type":"if","locations":[{"start":{"line":24,"column":6},"end":{"line":32,"column":7}},{"start":{"line":26,"column":13},"end":{"line":32,"column":7}}],"line":24},"6":{"loc":{"start":{"line":26,"column":13},"end":{"line":32,"column":7}},"type":"if","locations":[{"start":{"line":26,"column":13},"end":{"line":32,"column":7}},{"start":{},"end":{}}],"line":26},"7":{"loc":{"start":{"line":26,"column":17},"end":{"line":26,"column":59}},"type":"binary-expr","locations":[{"start":{"line":26,"column":17},"end":{"line":26,"column":36}},{"start":{"line":26,"column":40},"end":{"line":26,"column":59}}],"line":26},"8":{"loc":{"start":{"line":45,"column":2},"end":{"line":45,"column":95}},"type":"if","locations":[{"start":{"line":45,"column":2},"end":{"line":45,"column":95}},{"start":{},"end":{}}],"line":45},"9":{"loc":{"start":{"line":45,"column":6},"end":{"line":45,"column":50}},"type":"binary-expr","locations":[{"start":{"line":45,"column":6},"end":{"line":45,"column":26}},{"start":{"line":45,"column":30},"end":{"line":45,"column":50}}],"line":45}},"s":{"0":1,"1":35,"2":35,"3":35,"4":35,"5":126,"6":126,"7":49,"8":49,"9":77,"10":77,"11":77,"12":49,"13":28,"14":28,"15":126,"16":35,"17":1,"18":8,"19":8,"20":8,"21":8,"22":8,"23":1,"24":7,"25":7,"26":6},"f":{"0":35,"1":126,"2":8},"b":{"0":[126,91],"1":[49,77],"2":[14,35],"3":[77,35],"4":[77,0],"5":[49,28],"6":[28,0],"7":[28,28],"8":[1,7],"9":[8,7]},"_coverageSchema":"1a1c01bbd47fc00a2c39e90264f33305004495a9","hash":"d7c5f11e62e161f25da795dad42d181fdb671082"}
,"/Users/demydkourij/Projects/frontend-project-lvl2/src/parsers.js": {"path":"/Users/demydkourij/Projects/frontend-project-lvl2/src/parsers.js","statementMap":{"0":{"start":{"line":4,"column":14},"end":{"line":15,"column":1}},"1":{"start":{"line":5,"column":20},"end":{"line":5,"column":42}},"2":{"start":{"line":6,"column":2},"end":{"line":14,"column":3}},"3":{"start":{"line":8,"column":6},"end":{"line":8,"column":30}},"4":{"start":{"line":11,"column":6},"end":{"line":11,"column":29}},"5":{"start":{"line":13,"column":6},"end":{"line":13,"column":18}}},"fnMap":{"0":{"name":"(anonymous_0)","decl":{"start":{"line":4,"column":14},"end":{"line":4,"column":15}},"loc":{"start":{"line":4,"column":34},"end":{"line":15,"column":1}},"line":4}},"branchMap":{"0":{"loc":{"start":{"line":6,"column":2},"end":{"line":14,"column":3}},"type":"switch","locations":[{"start":{"line":7,"column":4},"end":{"line":8,"column":30}},{"start":{"line":9,"column":4},"end":{"line":9,"column":16}},{"start":{"line":10,"column":4},"end":{"line":11,"column":29}},{"start":{"line":12,"column":4},"end":{"line":13,"column":18}}],"line":6}},"s":{"0":1,"1":16,"2":16,"3":6,"4":8,"5":2},"f":{"0":16},"b":{"0":[6,8,8,2]},"_coverageSchema":"1a1c01bbd47fc00a2c39e90264f33305004495a9","hash":"1145f2d65ae5daec300f9ba8b2d6cced7dcd484d"}
,"/Users/demydkourij/Projects/frontend-project-lvl2/src/formatters/index.js": {"path":"/Users/demydkourij/Projects/frontend-project-lvl2/src/formatters/index.js","statementMap":{"0":{"start":{"line":4,"column":17},"end":{"line":15,"column":1}},"1":{"start":{"line":5,"column":2},"end":{"line":14,"column":3}},"2":{"start":{"line":7,"column":6},"end":{"line":7,"column":34}},"3":{"start":{"line":9,"column":6},"end":{"line":9,"column":32}},"4":{"start":{"line":11,"column":6},"end":{"line":11,"column":50}},"5":{"start":{"line":13,"column":6},"end":{"line":13,"column":46}}},"fnMap":{"0":{"name":"(anonymous_0)","decl":{"start":{"line":4,"column":17},"end":{"line":4,"column":18}},"loc":{"start":{"line":4,"column":42},"end":{"line":15,"column":1}},"line":4}},"branchMap":{"0":{"loc":{"start":{"line":5,"column":2},"end":{"line":14,"column":3}},"type":"switch","locations":[{"start":{"line":6,"column":4},"end":{"line":7,"column":34}},{"start":{"line":8,"column":4},"end":{"line":9,"column":32}},{"start":{"line":10,"column":4},"end":{"line":11,"column":50}},{"start":{"line":12,"column":4},"end":{"line":13,"column":46}}],"line":5}},"s":{"0":1,"1":7,"2":2,"3":2,"4":2,"5":1},"f":{"0":7},"b":{"0":[2,2,2,1]},"_coverageSchema":"1a1c01bbd47fc00a2c39e90264f33305004495a9","hash":"6a34b24cd93a0e51026548445292d125bea69d27"}
,"/Users/demydkourij/Projects/frontend-project-lvl2/src/formatters/plain.js": {"path":"/Users/demydkourij/Projects/frontend-project-lvl2/src/formatters/plain.js","statementMap":{"0":{"start":{"line":3,"column":31},"end":{"line":13,"column":1}},"1":{"start":{"line":4,"column":2},"end":{"line":12,"column":3}},"2":{"start":{"line":6,"column":6},"end":{"line":6,"column":39}},"3":{"start":{"line":6,"column":26},"end":{"line":6,"column":39}},"4":{"start":{"line":7,"column":6},"end":{"line":7,"column":31}},"5":{"start":{"line":9,"column":6},"end":{"line":9,"column":19}},"6":{"start":{"line":11,"column":6},"end":{"line":11,"column":26}},"7":{"start":{"line":15,"column":14},"end":{"line":47,"column":1}},"8":{"start":{"line":16,"column":15},"end":{"line":45,"column":3}},"9":{"start":{"line":17,"column":23},"end":{"line":17,"column":48}},"10":{"start":{"line":18,"column":18},"end":{"line":43,"column":10}},"11":{"start":{"line":19,"column":6},"end":{"line":41,"column":7}},"12":{"start":{"line":20,"column":8},"end":{"line":27,"column":9}},"13":{"start":{"line":21,"column":10},"end":{"line":26,"column":11}},"14":{"start":{"line":22,"column":31},"end":{"line":22,"column":78}},"15":{"start":{"line":23,"column":12},"end":{"line":23,"column":88}},"16":{"start":{"line":25,"column":12},"end":{"line":25,"column":64}},"17":{"start":{"line":28,"column":8},"end":{"line":38,"column":9}},"18":{"start":{"line":29,"column":25},"end":{"line":29,"column":51}},"19":{"start":{"line":30,"column":25},"end":{"line":30,"column":51}},"20":{"start":{"line":31,"column":10},"end":{"line":37,"column":11}},"21":{"start":{"line":32,"column":12},"end":{"line":36,"column":14}},"22":{"start":{"line":40,"column":8},"end":{"line":40,"column":72}},"23":{"start":{"line":42,"column":6},"end":{"line":42,"column":17}},"24":{"start":{"line":44,"column":4},"end":{"line":44,"column":33}},"25":{"start":{"line":46,"column":2},"end":{"line":46,"column":25}}},"fnMap":{"0":{"name":"(anonymous_0)","decl":{"start":{"line":3,"column":31},"end":{"line":3,"column":32}},"loc":{"start":{"line":3,"column":42},"end":{"line":13,"column":1}},"line":3},"1":{"name":"(anonymous_1)","decl":{"start":{"line":15,"column":14},"end":{"line":15,"column":15}},"loc":{"start":{"line":15,"column":25},"end":{"line":47,"column":1}},"line":15},"2":{"name":"(anonymous_2)","decl":{"start":{"line":16,"column":15},"end":{"line":16,"column":16}},"loc":{"start":{"line":16,"column":42},"end":{"line":45,"column":3}},"line":16},"3":{"name":"(anonymous_3)","decl":{"start":{"line":18,"column":36},"end":{"line":18,"column":37}},"loc":{"start":{"line":18,"column":50},"end":{"line":43,"column":5}},"line":18}},"branchMap":{"0":{"loc":{"start":{"line":4,"column":2},"end":{"line":12,"column":3}},"type":"switch","locations":[{"start":{"line":5,"column":4},"end":{"line":7,"column":31}},{"start":{"line":8,"column":4},"end":{"line":9,"column":19}},{"start":{"line":10,"column":4},"end":{"line":11,"column":26}}],"line":4},"1":{"loc":{"start":{"line":6,"column":6},"end":{"line":6,"column":39}},"type":"if","locations":[{"start":{"line":6,"column":6},"end":{"line":6,"column":39}},{"start":{},"end":{}}],"line":6},"2":{"loc":{"start":{"line":19,"column":6},"end":{"line":41,"column":7}},"type":"if","locations":[{"start":{"line":19,"column":6},"end":{"line":41,"column":7}},{"start":{"line":39,"column":13},"end":{"line":41,"column":7}}],"line":19},"3":{"loc":{"start":{"line":20,"column":8},"end":{"line":27,"column":9}},"type":"if","locations":[{"start":{"line":20,"column":8},"end":{"line":27,"column":9}},{"start":{},"end":{}}],"line":20},"4":{"loc":{"start":{"line":21,"column":10},"end":{"line":26,"column":11}},"type":"if","locations":[{"start":{"line":21,"column":10},"end":{"line":26,"column":11}},{"start":{"line":24,"column":17},"end":{"line":26,"column":11}}],"line":21},"5":{"loc":{"start":{"line":28,"column":8},"end":{"line":38,"column":9}},"type":"if","locations":[{"start":{"line":28,"column":8},"end":{"line":38,"column":9}},{"start":{},"end":{}}],"line":28},"6":{"loc":{"start":{"line":31,"column":10},"end":{"line":37,"column":11}},"type":"if","locations":[{"start":{"line":31,"column":10},"end":{"line":37,"column":11}},{"start":{},"end":{}}],"line":31}},"s":{"0":1,"1":26,"2":8,"3":2,"4":6,"5":4,"6":14,"7":1,"8":2,"9":10,"10":10,"11":36,"12":28,"13":14,"14":10,"15":10,"16":4,"17":28,"18":14,"19":14,"20":14,"21":8,"22":8,"23":36,"24":10,"25":2},"f":{"0":26,"1":2,"2":10,"3":36},"b":{"0":[8,4,14],"1":[2,6],"2":[28,8],"3":[14,14],"4":[10,4],"5":[14,14],"6":[8,6]},"_coverageSchema":"1a1c01bbd47fc00a2c39e90264f33305004495a9","hash":"a130194a1972444bfa87686e34d10dee1b2f7b57"}
,"/Users/demydkourij/Projects/frontend-project-lvl2/src/formatters/stylish.js": {"path":"/Users/demydkourij/Projects/frontend-project-lvl2/src/formatters/stylish.js","statementMap":{"0":{"start":{"line":3,"column":18},"end":{"line":18,"column":1}},"1":{"start":{"line":4,"column":15},"end":{"line":15,"column":3}},"2":{"start":{"line":5,"column":4},"end":{"line":7,"column":5}},"3":{"start":{"line":6,"column":6},"end":{"line":6,"column":31}},"4":{"start":{"line":8,"column":23},"end":{"line":8,"column":42}},"5":{"start":{"line":9,"column":26},"end":{"line":9,"column":53}},"6":{"start":{"line":10,"column":26},"end":{"line":10,"column":67}},"7":{"start":{"line":11,"column":18},"end":{"line":13,"column":5}},"8":{"start":{"line":12,"column":22},"end":{"line":12,"column":83}},"9":{"start":{"line":14,"column":4},"end":{"line":14,"column":59}},"10":{"start":{"line":17,"column":2},"end":{"line":17,"column":50}},"11":{"start":{"line":20,"column":16},"end":{"line":58,"column":1}},"12":{"start":{"line":21,"column":20},"end":{"line":21,"column":38}},"13":{"start":{"line":22,"column":15},"end":{"line":56,"column":3}},"14":{"start":{"line":23,"column":23},"end":{"line":23,"column":48}},"15":{"start":{"line":24,"column":23},"end":{"line":24,"column":42}},"16":{"start":{"line":25,"column":26},"end":{"line":25,"column":53}},"17":{"start":{"line":26,"column":26},"end":{"line":26,"column":67}},"18":{"start":{"line":27,"column":18},"end":{"line":54,"column":10}},"19":{"start":{"line":28,"column":6},"end":{"line":52,"column":7}},"20":{"start":{"line":29,"column":8},"end":{"line":34,"column":9}},"21":{"start":{"line":30,"column":27},"end":{"line":30,"column":86}},"22":{"start":{"line":31,"column":10},"end":{"line":33,"column":12}},"23":{"start":{"line":35,"column":8},"end":{"line":44,"column":9}},"24":{"start":{"line":36,"column":25},"end":{"line":36,"column":51}},"25":{"start":{"line":37,"column":25},"end":{"line":37,"column":51}},"26":{"start":{"line":38,"column":10},"end":{"line":43,"column":11}},"27":{"start":{"line":39,"column":12},"end":{"line":39,"column":91}},"28":{"start":{"line":41,"column":12},"end":{"line":41,"column":91}},"29":{"start":{"line":42,"column":12},"end":{"line":42,"column":91}},"30":{"start":{"line":45,"column":13},"end":{"line":52,"column":7}},"31":{"start":{"line":46,"column":8},"end":{"line":51,"column":10}},"32":{"start":{"line":53,"column":6},"end":{"line":53,"column":17}},"33":{"start":{"line":55,"column":4},"end":{"line":55,"column":59}},"34":{"start":{"line":57,"column":2},"end":{"line":57,"column":24}}},"fnMap":{"0":{"name":"(anonymous_0)","decl":{"start":{"line":3,"column":18},"end":{"line":3,"column":19}},"loc":{"start":{"line":3,"column":77},"end":{"line":18,"column":1}},"line":3},"1":{"name":"(anonymous_1)","decl":{"start":{"line":4,"column":15},"end":{"line":4,"column":16}},"loc":{"start":{"line":4,"column":40},"end":{"line":15,"column":3}},"line":4},"2":{"name":"(anonymous_2)","decl":{"start":{"line":12,"column":6},"end":{"line":12,"column":7}},"loc":{"start":{"line":12,"column":22},"end":{"line":12,"column":83}},"line":12},"3":{"name":"(anonymous_3)","decl":{"start":{"line":20,"column":16},"end":{"line":20,"column":17}},"loc":{"start":{"line":20,"column":60},"end":{"line":58,"column":1}},"line":20},"4":{"name":"(anonymous_4)","decl":{"start":{"line":22,"column":15},"end":{"line":22,"column":16}},"loc":{"start":{"line":22,"column":40},"end":{"line":56,"column":3}},"line":22},"5":{"name":"(anonymous_5)","decl":{"start":{"line":27,"column":36},"end":{"line":27,"column":37}},"loc":{"start":{"line":27,"column":50},"end":{"line":54,"column":5}},"line":27}},"branchMap":{"0":{"loc":{"start":{"line":3,"column":41},"end":{"line":3,"column":55}},"type":"default-arg","locations":[{"start":{"line":3,"column":52},"end":{"line":3,"column":55}}],"line":3},"1":{"loc":{"start":{"line":3,"column":57},"end":{"line":3,"column":72}},"type":"default-arg","locations":[{"start":{"line":3,"column":71},"end":{"line":3,"column":72}}],"line":3},"2":{"loc":{"start":{"line":5,"column":4},"end":{"line":7,"column":5}},"type":"if","locations":[{"start":{"line":5,"column":4},"end":{"line":7,"column":5}},{"start":{},"end":{}}],"line":5},"3":{"loc":{"start":{"line":20,"column":24},"end":{"line":20,"column":38}},"type":"default-arg","locations":[{"start":{"line":20,"column":35},"end":{"line":20,"column":38}}],"line":20},"4":{"loc":{"start":{"line":20,"column":40},"end":{"line":20,"column":55}},"type":"default-arg","locations":[{"start":{"line":20,"column":54},"end":{"line":20,"column":55}}],"line":20},"5":{"loc":{"start":{"line":28,"column":6},"end":{"line":52,"column":7}},"type":"if","locations":[{"start":{"line":28,"column":6},"end":{"line":52,"column":7}},{"start":{"line":45,"column":13},"end":{"line":52,"column":7}}],"line":28},"6":{"loc":{"start":{"line":29,"column":8},"end":{"line":34,"column":9}},"type":"if","locations":[{"start":{"line":29,"column":8},"end":{"line":34,"column":9}},{"start":{},"end":{}}],"line":29},"7":{"loc":{"start":{"line":30,"column":27},"end":{"line":30,"column":86}},"type":"cond-expr","locations":[{"start":{"line":30,"column":59},"end":{"line":30,"column":71}},{"start":{"line":30,"column":74},"end":{"line":30,"column":86}}],"line":30},"8":{"loc":{"start":{"line":35,"column":8},"end":{"line":44,"column":9}},"type":"if","locations":[{"start":{"line":35,"column":8},"end":{"line":44,"column":9}},{"start":{},"end":{}}],"line":35},"9":{"loc":{"start":{"line":38,"column":10},"end":{"line":43,"column":11}},"type":"if","locations":[{"start":{"line":38,"column":10},"end":{"line":43,"column":11}},{"start":{"line":40,"column":17},"end":{"line":43,"column":11}}],"line":38},"10":{"loc":{"start":{"line":45,"column":13},"end":{"line":52,"column":7}},"type":"if","locations":[{"start":{"line":45,"column":13},"end":{"line":52,"column":7}},{"start":{},"end":{}}],"line":45}},"s":{"0":1,"1":36,"2":54,"3":40,"4":14,"5":14,"6":14,"7":14,"8":18,"9":14,"10":36,"11":1,"12":2,"13":2,"14":10,"15":10,"16":10,"17":10,"18":10,"19":36,"20":28,"21":14,"22":14,"23":28,"24":14,"25":14,"26":14,"27":6,"28":8,"29":8,"30":8,"31":8,"32":36,"33":10,"34":2},"f":{"0":36,"1":54,"2":18,"3":2,"4":10,"5":36},"b":{"0":[36],"1":[36],"2":[40,14],"3":[2],"4":[2],"5":[28,8],"6":[14,14],"7":[4,10],"8":[14,14],"9":[6,8],"10":[8,0]},"_coverageSchema":"1a1c01bbd47fc00a2c39e90264f33305004495a9","hash":"d7ce53eee1759ff1fbcf53a598eaf3752efdc46d"}
}
