TN:
SF:src/fileDiff.js
FN:7,(anonymous_0)
FN:12,(anonymous_1)
FN:77,(anonymous_2)
FN:83,(anonymous_3)
FNF:4
FNH:4
FNDA:35,(anonymous_0)
FNDA:126,(anonymous_1)
FNDA:16,(anonymous_2)
FNDA:8,(anonymous_3)
DA:7,1
DA:8,35
DA:9,35
DA:10,35
DA:12,35
DA:13,126
DA:14,126
DA:15,49
DA:16,49
DA:26,77
DA:27,77
DA:28,77
DA:29,49
DA:34,28
DA:35,28
DA:44,0
DA:74,35
DA:77,1
DA:78,16
DA:79,16
DA:80,16
DA:83,1
DA:84,8
DA:85,8
DA:87,8
DA:88,8
DA:89,8
DA:90,7
DA:91,7
DA:92,6
LF:30
LH:29
BRDA:13,0,0,126
BRDA:13,0,1,91
BRDA:14,1,0,49
BRDA:14,1,1,77
BRDA:15,2,0,14
BRDA:15,2,1,35
BRDA:26,3,0,77
BRDA:26,3,1,35
BRDA:27,4,0,77
BRDA:27,4,1,0
BRDA:28,5,0,49
BRDA:28,5,1,28
BRDA:34,6,0,28
BRDA:34,6,1,0
BRDA:34,7,0,28
BRDA:34,7,1,28
BRDA:83,8,0,1
BRDA:89,9,0,1
BRDA:89,9,1,7
BRDA:89,10,0,8
BRDA:89,10,1,7
BRF:21
BRH:19
end_of_record
TN:
SF:src/parsers.js
FN:4,(anonymous_0)
FNF:1
FNH:1
FNDA:16,(anonymous_0)
DA:4,1
DA:5,16
DA:6,16
DA:8,8
DA:11,6
DA:13,2
LF:6
LH:6
BRDA:6,0,0,8
BRDA:6,0,1,6
BRDA:6,0,2,6
BRDA:6,0,3,2
BRF:4
BRH:4
end_of_record
TN:
SF:src/formatters/index.js
FN:4,(anonymous_0)
FNF:1
FNH:1
FNDA:7,(anonymous_0)
DA:4,1
DA:5,7
DA:7,2
DA:9,2
DA:11,2
DA:13,1
LF:6
LH:6
BRDA:5,0,0,2
BRDA:5,0,1,2
BRDA:5,0,2,2
BRDA:5,0,3,1
BRF:4
BRH:4
end_of_record
TN:
SF:src/formatters/plain.js
FN:3,(anonymous_0)
FN:17,(anonymous_1)
FN:18,(anonymous_2)
FN:20,(anonymous_3)
FN:42,(anonymous_4)
FNF:5
FNH:5
FNDA:26,(anonymous_0)
FNDA:2,(anonymous_1)
FNDA:10,(anonymous_2)
FNDA:36,(anonymous_3)
FNDA:36,(anonymous_4)
DA:3,1
DA:4,26
DA:6,8
DA:7,6
DA:9,4
DA:11,0
DA:13,14
DA:17,1
DA:18,2
DA:19,10
DA:20,10
DA:21,36
DA:22,28
DA:23,14
DA:24,10
DA:25,10
DA:27,4
DA:30,22
DA:31,14
DA:32,14
DA:33,14
DA:34,8
DA:38,6
DA:40,8
DA:42,36
DA:44,2
LF:26
LH:25
BRDA:4,0,0,8
BRDA:4,0,1,4
BRDA:4,0,2,0
BRDA:4,0,3,14
BRDA:6,1,0,2
BRDA:6,1,1,6
BRDA:21,2,0,28
BRDA:21,2,1,8
BRDA:22,3,0,14
BRDA:22,3,1,14
BRDA:23,4,0,10
BRDA:23,4,1,4
BRDA:30,5,0,14
BRDA:30,5,1,8
BRDA:33,6,0,8
BRDA:33,6,1,6
BRF:16
BRH:15
end_of_record
TN:
SF:src/formatters/stylish.js
FN:3,(anonymous_0)
FN:4,(anonymous_1)
FN:12,(anonymous_2)
FN:20,(anonymous_3)
FN:22,(anonymous_4)
FN:27,(anonymous_5)
FNF:6
FNH:6
FNDA:36,(anonymous_0)
FNDA:54,(anonymous_1)
FNDA:18,(anonymous_2)
FNDA:2,(anonymous_3)
FNDA:10,(anonymous_4)
FNDA:36,(anonymous_5)
DA:3,1
DA:4,36
DA:5,54
DA:6,40
DA:8,14
DA:9,14
DA:10,14
DA:11,14
DA:12,18
DA:14,14
DA:17,36
DA:20,1
DA:21,2
DA:22,2
DA:23,10
DA:24,10
DA:25,10
DA:26,10
DA:27,10
DA:28,36
DA:29,28
DA:30,14
DA:31,14
DA:33,14
DA:34,14
DA:35,14
DA:36,14
DA:37,6
DA:39,8
DA:45,8
DA:50,10
DA:52,2
LF:32
LH:32
BRDA:3,0,0,36
BRDA:3,1,0,36
BRDA:5,2,0,40
BRDA:5,2,1,14
BRDA:20,3,0,2
BRDA:20,4,0,2
BRDA:28,5,0,28
BRDA:28,5,1,8
BRDA:29,6,0,14
BRDA:29,6,1,14
BRDA:30,7,0,4
BRDA:30,7,1,10
BRDA:33,8,0,14
BRDA:33,8,1,0
BRDA:36,9,0,6
BRDA:36,9,1,8
BRF:16
BRH:15
end_of_record
