TN:
SF:src/fileDiff.js
FN:5,(anonymous_0)
FN:10,(anonymous_1)
FN:21,(anonymous_2)
FNF:3
FNH:3
FNDA:4,(anonymous_0)
FNDA:2,(anonymous_1)
FNDA:5,(anonymous_2)
DA:5,1
DA:6,4
DA:7,4
DA:10,1
DA:11,2
DA:12,2
DA:13,2
DA:14,2
DA:16,2
DA:17,2
DA:19,2
DA:20,2
DA:21,1
DA:22,5
DA:23,2
DA:24,1
DA:26,1
DA:27,1
DA:29,3
DA:30,2
DA:32,1
DA:34,5
DA:37,1
DA:38,1
DA:39,1
LF:25
LH:25
BRDA:7,0,0,4
BRDA:7,0,1,0
BRDA:20,1,0,1
BRDA:20,1,1,1
BRDA:22,2,0,2
BRDA:22,2,1,3
BRDA:22,3,0,5
BRDA:22,3,1,4
BRDA:23,4,0,1
BRDA:23,4,1,1
BRDA:29,5,0,2
BRDA:29,5,1,1
BRF:12
BRH:11
end_of_record
